生成启动时间为 2014/1/19 17:03:56。
     1>项目“D:\Development\cocos2d-x\cocos2d-x-2.2.1\projects\GravityMapCreater\proj.win32\GravityMapCreater.vcxproj”在节点 2 上(Build 个目标)。
     1>PreLinkEvent:
         if not exist "D:\Development\cocos2d-x\cocos2d-x-2.2.1\Debug.win32\" mkdir "D:\Development\cocos2d-x\cocos2d-x-2.2.1\Debug.win32\"
         xcopy /Y /Q "D:\Development\cocos2d-x\cocos2d-x-2.2.1\projects\GravityMapCreater\proj.win32\..\..\..\external\libwebsockets\win32\lib\*.*" "D:\Development\cocos2d-x\cocos2d-x-2.2.1\Debug.win32\"
         :VCEnd
         复制了 2 个文件
       Link:
         C:\Program Files (x86)\Microsoft Visual Studio 11.0\VC\bin\link.exe /ERRORREPORT:PROMPT /OUT:"D:\Development\cocos2d-x\cocos2d-x-2.2.1\Debug.win32\GravityMapCreater.exe" /INCREMENTAL /NOLOGO /LIBPATH:"D:\Development\cocos2d-x\cocos2d-x-2.2.1\Debug.win32\\" libExtensions.lib libcocos2d.lib libCocosDenshion.lib opengl32.lib glew32.lib libBox2d.lib libchipmunk.lib libcurl_imp.lib pthreadVCE2.lib websockets.lib kernel32.lib user32.lib gdi32.lib winspool.lib comdlg32.lib advapi32.lib shell32.lib ole32.lib oleaut32.lib uuid.lib odbc32.lib odbccp32.lib /MANIFEST /MANIFESTUAC:"level='asInvoker' uiAccess='false'" /manifest:embed /DEBUG /PDB:"D:\Development\cocos2d-x\cocos2d-x-2.2.1\Debug.win32\GravityMapCreater.pdb" /SUBSYSTEM:WINDOWS,"5.01" /TLBID:1 /DYNAMICBASE /NXCOMPAT /IMPLIB:"D:\Development\cocos2d-x\cocos2d-x-2.2.1\Debug.win32\GravityMapCreater.lib" /MACHINE:X86 /SAFESEH Debug.win32\AppDelegate.obj
         Debug.win32\HelloWorldScene.obj
         Debug.win32\MapCell.obj
         Debug.win32\MapCreateScene.obj
         Debug.win32\KompexSQLiteBlob.obj
         Debug.win32\KompexSQLiteDatabase.obj
         Debug.win32\KompexSQLiteStatement.obj
         Debug.win32\sqlite3.obj
         Debug.win32\Stage.obj
         Debug.win32\StageTools.obj
         Debug.win32\SystemManager.obj
         Debug.win32\YFile.obj
         Debug.win32\main.obj
         "D:\Development\cocos2d-x\cocos2d-x-2.2.1\Debug.win32\libcocos2d.lib"
         "D:\Development\cocos2d-x\cocos2d-x-2.2.1\Debug.win32\libCocosDenshion.lib"
         "D:\Development\cocos2d-x\cocos2d-x-2.2.1\Debug.win32\libExtensions.lib"
         "D:\Development\cocos2d-x\cocos2d-x-2.2.1\Debug.win32\libBox2D.lib"
         "D:\Development\cocos2d-x\cocos2d-x-2.2.1\Debug.win32\libchipmunk.lib"
     1>AppDelegate.obj : warning LNK4075: 忽略“/EDITANDCONTINUE”(由于“/SAFESEH”规范)
         GravityMapCreater.vcxproj -> D:\Development\cocos2d-x\cocos2d-x-2.2.1\Debug.win32\GravityMapCreater.exe
     1>已完成生成项目“D:\Development\cocos2d-x\cocos2d-x-2.2.1\projects\GravityMapCreater\proj.win32\GravityMapCreater.vcxproj”(Build 个目标)的操作。

生成成功。

已用时间 00:00:07.43
